0 info it worked if it ends with ok
1 verbose cli [ '/usr/local/bin/node',
1 verbose cli   '/usr/local/bin/npm',
1 verbose cli   'install',
1 verbose cli   '-g',
1 verbose cli   'phantom-stats-graphite' ]
2 info using npm@1.4.9
3 info using node@v0.11.13
4 verbose cache add [ 'phantom-stats-graphite', null ]
5 verbose cache add name=undefined spec="phantom-stats-graphite" args=["phantom-stats-graphite",null]
6 verbose parsed url { protocol: null,
6 verbose parsed url   slashes: null,
6 verbose parsed url   auth: null,
6 verbose parsed url   host: null,
6 verbose parsed url   port: null,
6 verbose parsed url   hostname: null,
6 verbose parsed url   hash: null,
6 verbose parsed url   search: null,
6 verbose parsed url   query: null,
6 verbose parsed url   pathname: 'phantom-stats-graphite',
6 verbose parsed url   path: 'phantom-stats-graphite',
6 verbose parsed url   href: 'phantom-stats-graphite' }
7 silly lockFile 08caafca-phantom-stats-graphite phantom-stats-graphite
8 verbose lock phantom-stats-graphite /home/dave/.npm/08caafca-phantom-stats-graphite.lock
9 silly lockFile 08caafca-phantom-stats-graphite phantom-stats-graphite
10 silly lockFile 08caafca-phantom-stats-graphite phantom-stats-graphite
11 verbose addNamed [ 'phantom-stats-graphite', '' ]
12 verbose addNamed [ null, '*' ]
13 silly lockFile 45df789c-phantom-stats-graphite phantom-stats-graphite@
14 verbose lock phantom-stats-graphite@ /home/dave/.npm/45df789c-phantom-stats-graphite.lock
15 silly addNameRange { name: 'phantom-stats-graphite', range: '*', hasData: false }
16 verbose url raw phantom-stats-graphite
17 verbose url resolving [ 'https://registry.npmjs.org/', './phantom-stats-graphite' ]
18 verbose url resolved https://registry.npmjs.org/phantom-stats-graphite
19 info trying registry request attempt 1 at 12:32:39
20 http GET https://registry.npmjs.org/phantom-stats-graphite
21 http 200 https://registry.npmjs.org/phantom-stats-graphite
22 silly registry.get cb [ 200,
22 silly registry.get   { date: 'Fri, 19 Sep 2014 11:32:40 GMT',
22 silly registry.get     server: 'CouchDB/1.5.0 (Erlang OTP/R16B03)',
22 silly registry.get     etag: '"7UP0JAAD2C6U3VQP82OTDL2GS"',
22 silly registry.get     'content-type': 'application/json',
22 silly registry.get     'cache-control': 'max-age=60',
22 silly registry.get     'content-length': '6008',
22 silly registry.get     'accept-ranges': 'bytes',
22 silly registry.get     via: '1.1 varnish',
22 silly registry.get     age: '0',
22 silly registry.get     'x-served-by': 'cache-lcy1130-LCY',
22 silly registry.get     'x-cache': 'MISS',
22 silly registry.get     'x-cache-hits': '0',
22 silly registry.get     'x-timer': 'S1411126360.325209,VS0,VE164',
22 silly registry.get     vary: 'Accept',
22 silly registry.get     connection: 'close' } ]
23 silly addNameRange number 2 { name: 'phantom-stats-graphite', range: '*', hasData: true }
24 silly addNameRange versions [ 'phantom-stats-graphite',
24 silly addNameRange   [ '0.1.3', '0.1.4', '0.1.5', '0.1.6' ] ]
25 verbose addNamed [ 'phantom-stats-graphite', '0.1.6' ]
26 verbose addNamed [ '0.1.6', '0.1.6' ]
27 silly lockFile 7ac9f4fa-phantom-stats-graphite-0-1-6 phantom-stats-graphite@0.1.6
28 verbose lock phantom-stats-graphite@0.1.6 /home/dave/.npm/7ac9f4fa-phantom-stats-graphite-0-1-6.lock
29 silly lockFile 7ac9f4fa-phantom-stats-graphite-0-1-6 phantom-stats-graphite@0.1.6
30 silly lockFile 7ac9f4fa-phantom-stats-graphite-0-1-6 phantom-stats-graphite@0.1.6
31 silly lockFile 45df789c-phantom-stats-graphite phantom-stats-graphite@
32 silly lockFile 45df789c-phantom-stats-graphite phantom-stats-graphite@
33 silly resolved [ { name: 'phantom-stats-graphite',
33 silly resolved     description: 'Send phantomjs-stats to graphite',
33 silly resolved     author: { name: 'Dave Archer' },
33 silly resolved     version: '0.1.6',
33 silly resolved     repository:
33 silly resolved      { url: 'git@github.com:furybyname/phantom-stats.git',
33 silly resolved        type: 'git' },
33 silly resolved     main: './lib/main',
33 silly resolved     bin:
33 silly resolved      { send: './bin/send-to-graphite',
33 silly resolved        'run-phantom-stats': './bin/run-phantom-stats' },
33 silly resolved     dependencies:
33 silly resolved      { grunt: '~0.4.2',
33 silly resolved        'grunt-cli': '*',
33 silly resolved        'grunt-contrib-watch': '*',
33 silly resolved        'grunt-contrib-coffee': '*',
33 silly resolved        'phantom-stats': '*',
33 silly resolved        graphite: '*',
33 silly resolved        lodash: '*' },
33 silly resolved     engines: { node: '*' },
33 silly resolved     readme: 'phantom-stats-graphite\n=============\n\nHARvest data from multiple urls and send to graphite!\n\n## Installation\n\n`npm install phantom-stats-graphite`\n\nor `npm install -g phantom-stats-graphite`\n\n### Usage\n\n#### Harvest\n\n`node_modules/.bin/run-phantom-stats path/to/config.json `\n\nor `run-phantom-stats path/to/config.json `\n\n#### Send to graphite\n\n`node_modules/.bin/send-to-graphite config.json `\n\nor `send-to-graphite config.json `\n\n# From source\n\n## Installation\n\n`git clone git@github.com:furybyname/phantom-stats-graphite.git`\n\n`cd phantom-stats-graphite`\n\n`npm install`\n\n`grunt coffee`\n\n### Usage\n\n`node bin/phantom-stats-graphite config.json `\n\nBe sure to modify the config (see source for example) to point at your site and a valid graphite instance\n \n',
33 silly resolved     readmeFilename: 'readme.MD',
33 silly resolved     bugs: { url: 'https://github.com/furybyname/phantom-stats/issues' },
33 silly resolved     homepage: 'https://github.com/furybyname/phantom-stats',
33 silly resolved     _id: 'phantom-stats-graphite@0.1.6',
33 silly resolved     _shasum: '87cbb3c139f313d56a4a101e5353331c1c9851a0',
33 silly resolved     _from: 'phantom-stats-graphite@' } ]
34 info install phantom-stats-graphite@0.1.6 into /usr/local/lib
35 info installOne phantom-stats-graphite@0.1.6
36 info /usr/local/lib/node_modules/phantom-stats-graphite unbuild
37 verbose tar unpack /home/dave/.npm/phantom-stats-graphite/0.1.6/package.tgz
38 silly lockFile 656513b5-e-modules-phantom-stats-graphite tar:///usr/local/lib/node_modules/phantom-stats-graphite
39 verbose lock tar:///usr/local/lib/node_modules/phantom-stats-graphite /home/dave/.npm/656513b5-e-modules-phantom-stats-graphite.lock
40 silly lockFile 88483c98-stats-graphite-0-1-6-package-tgz tar:///home/dave/.npm/phantom-stats-graphite/0.1.6/package.tgz
41 verbose lock tar:///home/dave/.npm/phantom-stats-graphite/0.1.6/package.tgz /home/dave/.npm/88483c98-stats-graphite-0-1-6-package-tgz.lock
42 silly gunzTarPerm modes [ '755', '644' ]
43 error Error: EACCES, mkdir '/usr/local/lib/node_modules/phantom-stats-graphite'
43 error     at Error (native)
43 error  { [Error: EACCES, mkdir '/usr/local/lib/node_modules/phantom-stats-graphite']
43 error   stack: 'Error: EACCES, mkdir \'/usr/local/lib/node_modules/phantom-stats-graphite\'\n    at Error (native)',
43 error   errno: -13,
43 error   code: 'EACCES',
43 error   path: '/usr/local/lib/node_modules/phantom-stats-graphite',
43 error   fstream_type: 'Directory',
43 error   fstream_path: '/usr/local/lib/node_modules/phantom-stats-graphite',
43 error   fstream_class: 'DirWriter',
43 error   fstream_stack:
43 error    [ '/usr/local/lib/node_modules/npm/node_modules/fstream/lib/dir-writer.js:36:23',
43 error      '/usr/local/lib/node_modules/npm/node_modules/mkdirp/index.js:37:53',
43 error      'Object.oncomplete (fs.js:97:15)' ] }
44 error Please try running this command again as root/Administrator.
45 error System Linux 3.13.0-24-generic
46 error command "/usr/local/bin/node" "/usr/local/bin/npm" "install" "-g" "phantom-stats-graphite"
47 error cwd /home/dave/projects/phantom-stats-graphite
48 error node -v v0.11.13
49 error npm -v 1.4.9
50 error path /usr/local/lib/node_modules/phantom-stats-graphite
51 error fstream_path /usr/local/lib/node_modules/phantom-stats-graphite
52 error fstream_type Directory
53 error fstream_class DirWriter
54 error code EACCES
55 error errno -13
56 error stack Error: EACCES, mkdir '/usr/local/lib/node_modules/phantom-stats-graphite'
56 error stack     at Error (native)
57 error fstream_stack /usr/local/lib/node_modules/npm/node_modules/fstream/lib/dir-writer.js:36:23
57 error fstream_stack /usr/local/lib/node_modules/npm/node_modules/mkdirp/index.js:37:53
57 error fstream_stack Object.oncomplete (fs.js:97:15)
58 verbose exit [ -13, true ]
